<?xml version="1.0" encoding="UTF-8"?>
<testng-results ignored="0" total="1" passed="1"
	failed="0" skipped="0">
	<reporter-output>
	</reporter-output>
	<suite started-at="2023-02-04T15:36:59 IST" name="Default suite"
		finished-at="2023-02-04T15:37:19 IST" duration-ms="19476">
		<groups>
		</groups>
		<test started-at="2023-02-04T15:36:59 IST" name="Default test"
			finished-at="2023-02-04T15:37:19 IST" duration-ms="19476">
			<class name="TestLayer.DashboardPageTest">
				<test-method
					signature="dashbordLogin()[pri:0, instance:TestLayer.DashboardPageTest@732c2a62]"
					started-at="2023-02-04T15:36:59 IST" name="dashbordLogin"
					finished-at="2023-02-04T15:37:19 IST" duration-ms="19426"
					status="PASS">
					<reporter-output>
					</reporter-output>
				</test-method> <!-- dashbordLogin -->
			</class> <!-- TestLayer.DashboardPageTest -->
		</test> <!-- Default test -->
	</suite> <!-- Default suite -->
</testng-results>
